TN:
SF:src\capCadena\funcioncapcadena.js
FN:2,capCadena
FN:6,(anonymous_1)
FNF:2
FNH:2
FNDA:4,capCadena
FNDA:5,(anonymous_1)
DA:3,4
DA:4,1
DA:6,3
DA:7,5
DA:10,1
LF:5
LH:5
BRDA:3,0,0,1
BRDA:3,0,1,3
BRF:2
BRH:2
end_of_record
TN:
SF:src\factorial\funcionfactorial.js
FN:2,factorialRecursivo
FNF:1
FNH:1
FNDA:10,factorialRecursivo
DA:3,10
DA:4,3
DA:6,7
DA:7,2
DA:9,5
DA:12,1
LF:6
LH:6
BRDA:3,0,0,3
BRDA:3,0,1,7
BRDA:3,1,0,10
BRDA:3,1,1,9
BRDA:3,1,2,8
BRDA:6,2,0,2
BRDA:6,2,1,5
BRF:7
BRH:7
end_of_record
TN:
SF:src\numPrimo\funcionprimo.js
FN:3,esPrimo
FNF:1
FNH:1
FNDA:6,esPrimo
DA:4,6
DA:5,3
DA:7,3
DA:8,1
DA:10,2
DA:11,2
DA:12,2
DA:13,1
DA:16,1
DA:18,1
LF:10
LH:10
BRDA:4,0,0,3
BRDA:4,0,1,3
BRDA:4,1,0,6
BRDA:4,1,1,4
BRDA:4,1,2,4
BRDA:7,2,0,1
BRDA:7,2,1,2
BRDA:12,3,0,1
BRDA:12,3,1,1
BRF:9
BRH:9
end_of_record
